<?xml version="1.0" encoding="UTF-8"?>
<!-- Generated by org.testng.reporters.JUnitReportReporter -->
<testsuite hostname="Q15245474" name="com.stockAccounting.pageobject.logintest" tests="1" failures="0" timestamp="25 Jun 2016 04:32:15 GMT" time="38.312" errors="0">
  <testcase name="login" time="38.312" classname="com.stockAccounting.pageobject.logintest"/>
</testsuite> <!-- com.stockAccounting.pageobject.logintest -->
